{"C:\\Users\\jhonathan.cordeiro\\Documents\\Repositorios\\GitHub\\typescript-todo-api\\src\\app.ts": {"path":"C:\\Users\\jhonathan.cordeiro\\Documents\\Repositorios\\GitHub\\typescript-todo-api\\src\\app.ts","statementMap":{"0":{"start":{"line":1,"column":0},"end":{"line":1,"column":53}},"1":{"start":{"line":3,"column":0},"end":{"line":3,"column":48}},"2":{"start":{"line":4,"column":0},"end":{"line":4,"column":44}},"3":{"start":{"line":5,"column":0},"end":{"line":5,"column":51}},"4":{"start":{"line":7,"column":12},"end":{"line":7,"column":21}},"5":{"start":{"line":9,"column":0},"end":{"line":9,"column":24}},"6":{"start":{"line":10,"column":0},"end":{"line":10,"column":37}},"7":{"start":{"line":12,"column":0},"end":{"line":16,"column":3}},"8":{"start":{"line":13,"column":2},"end":{"line":15,"column":54}},"9":{"start":{"line":18,"column":0},"end":{"line":18,"column":19}}},"fnMap":{"0":{"name":"(anonymous_1)","decl":{"start":{"line":12,"column":29},"end":{"line":12,"column":30}},"loc":{"start":{"line":12,"column":70},"end":{"line":16,"column":1}}}},"branchMap":{},"s":{"0":1,"1":1,"2":1,"3":1,"4":1,"5":1,"6":1,"7":1,"8":1,"9":1},"f":{"0":1},"b":{}}
,"C:\\Users\\jhonathan.cordeiro\\Documents\\Repositorios\\GitHub\\typescript-todo-api\\src\\config\\CarregaVariavelAmbiente.ts": {"path":"C:\\Users\\jhonathan.cordeiro\\Documents\\Repositorios\\GitHub\\typescript-todo-api\\src\\config\\CarregaVariavelAmbiente.ts","statementMap":{"0":{"start":{"line":1,"column":0},"end":{"line":1,"column":28}},"1":{"start":{"line":3,"column":0},"end":{"line":3,"column":47}},"2":{"start":{"line":6,"column":0},"end":{"line":6,"column":16}},"3":{"start":{"line":12,"column":4},"end":{"line":17,"column":6}},"4":{"start":{"line":21,"column":18},"end":{"line":21,"column":34}},"5":{"start":{"line":23,"column":4},"end":{"line":25,"column":5}},"6":{"start":{"line":24,"column":6},"end":{"line":24,"column":81}},"7":{"start":{"line":27,"column":4},"end":{"line":27,"column":17}},"8":{"start":{"line":31,"column":18},"end":{"line":31,"column":34}},"9":{"start":{"line":33,"column":4},"end":{"line":35,"column":5}},"10":{"start":{"line":34,"column":6},"end":{"line":34,"column":81}},"11":{"start":{"line":37,"column":24},"end":{"line":37,"column":37}},"12":{"start":{"line":39,"column":4},"end":{"line":41,"column":5}},"13":{"start":{"line":40,"column":6},"end":{"line":40,"column":91}},"14":{"start":{"line":43,"column":4},"end":{"line":43,"column":23}},"15":{"start":{"line":47,"column":4},"end":{"line":47,"column":45}},"16":{"start":{"line":8,"column":0},"end":{"line":8,"column":21}}},"fnMap":{"0":{"name":"(anonymous_1)","decl":{"start":{"line":11,"column":2},"end":{"line":11,"column":null}},"loc":{"start":{"line":11,"column":2},"end":{"line":18,"column":3}}},"1":{"name":"(anonymous_2)","decl":{"start":{"line":20,"column":10},"end":{"line":20,"column":19}},"loc":{"start":{"line":20,"column":32},"end":{"line":28,"column":3}}},"2":{"name":"(anonymous_3)","decl":{"start":{"line":30,"column":10},"end":{"line":30,"column":19}},"loc":{"start":{"line":30,"column":32},"end":{"line":44,"column":3}}},"3":{"name":"(anonymous_4)","decl":{"start":{"line":46,"column":9},"end":{"line":46,"column":21}},"loc":{"start":{"line":46,"column":21},"end":{"line":48,"column":3}}}},"branchMap":{"0":{"loc":{"start":{"line":23,"column":4},"end":{"line":25,"column":5}},"type":"if","locations":[{"start":{"line":23,"column":4},"end":{"line":25,"column":5}}]},"1":{"loc":{"start":{"line":33,"column":4},"end":{"line":35,"column":5}},"type":"if","locations":[{"start":{"line":33,"column":4},"end":{"line":35,"column":5}}]},"2":{"loc":{"start":{"line":39,"column":4},"end":{"line":41,"column":5}},"type":"if","locations":[{"start":{"line":39,"column":4},"end":{"line":41,"column":5}}]}},"s":{"0":1,"1":1,"2":1,"3":5,"4":12,"5":12,"6":1,"7":11,"8":4,"9":4,"10":0,"11":4,"12":4,"13":1,"14":3,"15":1,"16":1},"f":{"0":5,"1":12,"2":4,"3":1},"b":{"0":[1],"1":[0],"2":[1]}}
,"C:\\Users\\jhonathan.cordeiro\\Documents\\Repositorios\\GitHub\\typescript-todo-api\\src\\controllers\\Usuario.controller.ts": {"path":"C:\\Users\\jhonathan.cordeiro\\Documents\\Repositorios\\GitHub\\typescript-todo-api\\src\\controllers\\Usuario.controller.ts","statementMap":{"0":{"start":{"line":3,"column":0},"end":{"line":3,"column":71}},"1":{"start":{"line":4,"column":0},"end":{"line":4,"column":61}},"2":{"start":{"line":7,"column":2},"end":{"line":7,"column":40}},"3":{"start":{"line":10,"column":4},"end":{"line":21,"column":5}},"4":{"start":{"line":11,"column":22},"end":{"line":11,"column":34}},"5":{"start":{"line":12,"column":28},"end":{"line":12,"column":75}},"6":{"start":{"line":14,"column":6},"end":{"line":16,"column":29}},"7":{"start":{"line":18,"column":6},"end":{"line":20,"column":53}},"8":{"start":{"line":25,"column":4},"end":{"line":36,"column":5}},"9":{"start":{"line":26,"column":22},"end":{"line":26,"column":34}},"10":{"start":{"line":27,"column":29},"end":{"line":27,"column":77}},"11":{"start":{"line":29,"column":6},"end":{"line":31,"column":30}},"12":{"start":{"line":33,"column":6},"end":{"line":35,"column":53}},"13":{"start":{"line":40,"column":4},"end":{"line":52,"column":5}},"14":{"start":{"line":41,"column":21},"end":{"line":41,"column":33}},"15":{"start":{"line":42,"column":6},"end":{"line":42,"column":51}},"16":{"start":{"line":44,"column":6},"end":{"line":46,"column":75}},"17":{"start":{"line":48,"column":6},"end":{"line":50,"column":53}},"18":{"start":{"line":6,"column":0},"end":{"line":6,"column":13}}},"fnMap":{"0":{"name":"(anonymous_0)","decl":{"start":{"line":6,"column":0},"end":{"line":6,"column":13}},"loc":{"start":{"line":6,"column":0},"end":{"line":54,"column":1}}},"1":{"name":"(anonymous_1)","decl":{"start":{"line":9,"column":2},"end":{"line":9,"column":7}},"loc":{"start":{"line":9,"column":57},"end":{"line":22,"column":3}}},"2":{"name":"(anonymous_2)","decl":{"start":{"line":24,"column":2},"end":{"line":24,"column":7}},"loc":{"start":{"line":24,"column":58},"end":{"line":37,"column":3}}},"3":{"name":"(anonymous_3)","decl":{"start":{"line":39,"column":2},"end":{"line":39,"column":7}},"loc":{"start":{"line":39,"column":59},"end":{"line":53,"column":3}}}},"branchMap":{},"s":{"0":1,"1":1,"2":1,"3":0,"4":0,"5":0,"6":0,"7":0,"8":0,"9":0,"10":0,"11":0,"12":0,"13":0,"14":0,"15":0,"16":0,"17":0,"18":1},"f":{"0":1,"1":0,"2":0,"3":0},"b":{}}
,"C:\\Users\\jhonathan.cordeiro\\Documents\\Repositorios\\GitHub\\typescript-todo-api\\src\\enum\\EnvKeys.enum.ts": {"path":"C:\\Users\\jhonathan.cordeiro\\Documents\\Repositorios\\GitHub\\typescript-todo-api\\src\\enum\\EnvKeys.enum.ts","statementMap":{"0":{"start":{"line":1,"column":0},"end":{"line":1,"column":null}},"1":{"start":{"line":2,"column":2},"end":{"line":2,"column":null}},"2":{"start":{"line":3,"column":2},"end":{"line":3,"column":null}},"3":{"start":{"line":4,"column":2},"end":{"line":4,"column":null}},"4":{"start":{"line":5,"column":2},"end":{"line":5,"column":null}}},"fnMap":{"0":{"name":"(anonymous_0)","decl":{"start":{"line":1,"column":0},"end":{"line":1,"column":12}},"loc":{"start":{"line":1,"column":19},"end":{"line":6,"column":1}}}},"branchMap":{"0":{"loc":{"start":{"line":1,"column":12},"end":{"line":1,"column":null}},"type":"binary-expr","locations":[{"start":{"line":1,"column":12},"end":{"line":1,"column":19}},{"start":{"line":1,"column":19},"end":{"line":1,"column":null}}]}},"s":{"0":1,"1":1,"2":1,"3":1,"4":1},"f":{"0":1},"b":{"0":[1,1]}}
,"C:\\Users\\jhonathan.cordeiro\\Documents\\Repositorios\\GitHub\\typescript-todo-api\\src\\routes\\Usuario.routes.ts": {"path":"C:\\Users\\jhonathan.cordeiro\\Documents\\Repositorios\\GitHub\\typescript-todo-api\\src\\routes\\Usuario.routes.ts","statementMap":{"0":{"start":{"line":1,"column":0},"end":{"line":1,"column":33}},"1":{"start":{"line":3,"column":0},"end":{"line":3,"column":70}},"2":{"start":{"line":4,"column":0},"end":{"line":4,"column":37}},"3":{"start":{"line":6,"column":21},"end":{"line":6,"column":29}},"4":{"start":{"line":7,"column":26},"end":{"line":7,"column":49}},"5":{"start":{"line":9,"column":0},"end":{"line":9,"column":87}},"6":{"start":{"line":10,"column":0},"end":{"line":10,"column":89}},"7":{"start":{"line":11,"column":0},"end":{"line":11,"column":91}},"8":{"start":{"line":13,"column":0},"end":{"line":13,"column":28}}},"fnMap":{},"branchMap":{},"s":{"0":1,"1":1,"2":1,"3":1,"4":1,"5":1,"6":1,"7":1,"8":1},"f":{},"b":{}}
,"C:\\Users\\jhonathan.cordeiro\\Documents\\Repositorios\\GitHub\\typescript-todo-api\\src\\routes\\rotas.enum.ts": {"path":"C:\\Users\\jhonathan.cordeiro\\Documents\\Repositorios\\GitHub\\typescript-todo-api\\src\\routes\\rotas.enum.ts","statementMap":{"0":{"start":{"line":1,"column":0},"end":{"line":1,"column":null}},"1":{"start":{"line":2,"column":2},"end":{"line":2,"column":null}},"2":{"start":{"line":4,"column":2},"end":{"line":4,"column":null}},"3":{"start":{"line":6,"column":2},"end":{"line":6,"column":null}},"4":{"start":{"line":7,"column":2},"end":{"line":7,"column":null}},"5":{"start":{"line":8,"column":2},"end":{"line":8,"column":null}}},"fnMap":{"0":{"name":"(anonymous_0)","decl":{"start":{"line":1,"column":0},"end":{"line":1,"column":12}},"loc":{"start":{"line":1,"column":17},"end":{"line":9,"column":1}}}},"branchMap":{"0":{"loc":{"start":{"line":1,"column":12},"end":{"line":1,"column":null}},"type":"binary-expr","locations":[{"start":{"line":1,"column":12},"end":{"line":1,"column":17}},{"start":{"line":1,"column":17},"end":{"line":1,"column":null}}]}},"s":{"0":1,"1":1,"2":1,"3":1,"4":1,"5":1},"f":{"0":1},"b":{"0":[1,1]}}
,"C:\\Users\\jhonathan.cordeiro\\Documents\\Repositorios\\GitHub\\typescript-todo-api\\src\\services\\Usuario.service.ts": {"path":"C:\\Users\\jhonathan.cordeiro\\Documents\\Repositorios\\GitHub\\typescript-todo-api\\src\\services\\Usuario.service.ts","statementMap":{"0":{"start":{"line":1,"column":0},"end":{"line":1,"column":46}},"1":{"start":{"line":2,"column":0},"end":{"line":2,"column":28}},"2":{"start":{"line":7,"column":2},"end":{"line":7,"column":30}},"3":{"start":{"line":10,"column":28},"end":{"line":14,"column":8}},"4":{"start":{"line":16,"column":4},"end":{"line":32,"column":5}},"5":{"start":{"line":17,"column":6},"end":{"line":17,"column":59}},"6":{"start":{"line":19,"column":33},"end":{"line":19,"column":69}},"7":{"start":{"line":20,"column":6},"end":{"line":20,"column":41}},"8":{"start":{"line":22,"column":6},"end":{"line":31,"column":7}},"9":{"start":{"line":23,"column":28},"end":{"line":27,"column":12}},"10":{"start":{"line":28,"column":8},"end":{"line":28,"column":27}},"11":{"start":{"line":30,"column":8},"end":{"line":30,"column":52}},"12":{"start":{"line":36,"column":28},"end":{"line":40,"column":8}},"13":{"start":{"line":42,"column":4},"end":{"line":56,"column":5}},"14":{"start":{"line":43,"column":6},"end":{"line":43,"column":81}},"15":{"start":{"line":45,"column":6},"end":{"line":55,"column":7}},"16":{"start":{"line":46,"column":31},"end":{"line":51,"column":12}},"17":{"start":{"line":52,"column":8},"end":{"line":52,"column":30}},"18":{"start":{"line":54,"column":8},"end":{"line":54,"column":85}},"19":{"start":{"line":60,"column":29},"end":{"line":64,"column":8}},"20":{"start":{"line":66,"column":4},"end":{"line":80,"column":5}},"21":{"start":{"line":67,"column":6},"end":{"line":67,"column":55}},"22":{"start":{"line":69,"column":6},"end":{"line":69,"column":39}},"23":{"start":{"line":70,"column":6},"end":{"line":79,"column":7}},"24":{"start":{"line":71,"column":8},"end":{"line":76,"column":13}},"25":{"start":{"line":78,"column":8},"end":{"line":78,"column":104}},"26":{"start":{"line":6,"column":0},"end":{"line":6,"column":13}}},"fnMap":{"0":{"name":"(anonymous_1)","decl":{"start":{"line":6,"column":0},"end":{"line":6,"column":13}},"loc":{"start":{"line":6,"column":0},"end":{"line":82,"column":1}}},"1":{"name":"(anonymous_2)","decl":{"start":{"line":9,"column":2},"end":{"line":9,"column":7}},"loc":{"start":{"line":9,"column":37},"end":{"line":33,"column":3}}},"2":{"name":"(anonymous_3)","decl":{"start":{"line":35,"column":2},"end":{"line":35,"column":7}},"loc":{"start":{"line":35,"column":38},"end":{"line":57,"column":3}}},"3":{"name":"(anonymous_4)","decl":{"start":{"line":59,"column":2},"end":{"line":59,"column":7}},"loc":{"start":{"line":59,"column":33},"end":{"line":81,"column":3}}}},"branchMap":{"0":{"loc":{"start":{"line":16,"column":4},"end":{"line":32,"column":5}},"type":"if","locations":[{"start":{"line":16,"column":4},"end":{"line":32,"column":5}},{"start":{"line":18,"column":11},"end":{"line":32,"column":5}}]},"1":{"loc":{"start":{"line":42,"column":4},"end":{"line":56,"column":5}},"type":"if","locations":[{"start":{"line":42,"column":4},"end":{"line":56,"column":5}},{"start":{"line":44,"column":11},"end":{"line":56,"column":5}}]},"2":{"loc":{"start":{"line":66,"column":4},"end":{"line":80,"column":5}},"type":"if","locations":[{"start":{"line":66,"column":4},"end":{"line":80,"column":5}},{"start":{"line":68,"column":11},"end":{"line":80,"column":5}}]}},"s":{"0":1,"1":1,"2":1,"3":0,"4":0,"5":0,"6":0,"7":0,"8":0,"9":0,"10":0,"11":0,"12":0,"13":0,"14":0,"15":0,"16":0,"17":0,"18":0,"19":0,"20":0,"21":0,"22":0,"23":0,"24":0,"25":0,"26":1},"f":{"0":1,"1":0,"2":0,"3":0},"b":{"0":[0,0],"1":[0,0],"2":[0,0]}}
}
