TN:
SF:src\app.ts
FN:12,(anonymous_1)
FNF:1
FNH:1
FNDA:1,(anonymous_1)
DA:1,1
DA:3,1
DA:4,1
DA:5,1
DA:7,1
DA:9,1
DA:10,1
DA:12,1
DA:13,1
DA:18,1
LF:10
LH:10
BRF:0
BRH:0
end_of_record
TN:
SF:src\config\CarregaVariavelAmbiente.ts
FN:11,(anonymous_1)
FN:20,(anonymous_2)
FN:30,(anonymous_3)
FN:46,(anonymous_4)
FNF:4
FNH:4
FNDA:5,(anonymous_1)
FNDA:12,(anonymous_2)
FNDA:4,(anonymous_3)
FNDA:1,(anonymous_4)
DA:1,1
DA:3,1
DA:6,1
DA:8,1
DA:12,5
DA:21,12
DA:23,12
DA:24,1
DA:27,11
DA:31,4
DA:33,4
DA:34,0
DA:37,4
DA:39,4
DA:40,1
DA:43,3
DA:47,1
LF:17
LH:16
BRDA:23,0,0,1
BRDA:33,1,0,0
BRDA:39,2,0,1
BRF:3
BRH:2
end_of_record
TN:
SF:src\controllers\Usuario.controller.ts
FN:6,(anonymous_0)
FN:9,(anonymous_1)
FN:24,(anonymous_2)
FN:39,(anonymous_3)
FNF:4
FNH:1
FNDA:1,(anonymous_0)
FNDA:0,(anonymous_1)
FNDA:0,(anonymous_2)
FNDA:0,(anonymous_3)
DA:3,1
DA:4,1
DA:6,1
DA:7,1
DA:10,0
DA:11,0
DA:12,0
DA:14,0
DA:18,0
DA:25,0
DA:26,0
DA:27,0
DA:29,0
DA:33,0
DA:40,0
DA:41,0
DA:42,0
DA:44,0
DA:48,0
LF:19
LH:4
BRF:0
BRH:0
end_of_record
TN:
SF:src\enum\EnvKeys.enum.ts
FN:1,(anonymous_0)
FNF:1
FNH:1
FNDA:1,(anonymous_0)
DA:1,1
DA:2,1
DA:3,1
DA:4,1
DA:5,1
LF:5
LH:5
BRDA:1,0,0,1
BRDA:1,0,1,1
BRF:2
BRH:2
end_of_record
TN:
SF:src\routes\Usuario.routes.ts
FNF:0
FNH:0
DA:1,1
DA:3,1
DA:4,1
DA:6,1
DA:7,1
DA:9,1
DA:10,1
DA:11,1
DA:13,1
LF:9
LH:9
BRF:0
BRH:0
end_of_record
TN:
SF:src\routes\rotas.enum.ts
FN:1,(anonymous_0)
FNF:1
FNH:1
FNDA:1,(anonymous_0)
DA:1,1
DA:2,1
DA:4,1
DA:6,1
DA:7,1
DA:8,1
LF:6
LH:6
BRDA:1,0,0,1
BRDA:1,0,1,1
BRF:2
BRH:2
end_of_record
TN:
SF:src\services\Usuario.service.ts
FN:6,(anonymous_1)
FN:9,(anonymous_2)
FN:35,(anonymous_3)
FN:59,(anonymous_4)
FNF:4
FNH:1
FNDA:1,(anonymous_1)
FNDA:0,(anonymous_2)
FNDA:0,(anonymous_3)
FNDA:0,(anonymous_4)
DA:1,1
DA:2,1
DA:6,1
DA:7,1
DA:10,0
DA:16,0
DA:17,0
DA:19,0
DA:20,0
DA:22,0
DA:23,0
DA:28,0
DA:30,0
DA:36,0
DA:42,0
DA:43,0
DA:45,0
DA:46,0
DA:52,0
DA:54,0
DA:60,0
DA:66,0
DA:67,0
DA:69,0
DA:70,0
DA:71,0
DA:78,0
LF:27
LH:4
BRDA:16,0,0,0
BRDA:16,0,1,0
BRDA:42,1,0,0
BRDA:42,1,1,0
BRDA:66,2,0,0
BRDA:66,2,1,0
BRF:6
BRH:0
end_of_record
